/*C21*/SET SCHEMA PUBLIC
drop table feed if exists
drop table obtencao if exists
create table feed (id bigint generated by default as identity (start with 1), data_criacao timestamp, data_modificacao timestamp, url varchar(255), primary key (id))
create table obtencao (id bigint generated by default as identity (start with 1), data_criacao date, html varchar(255), feed_id bigint, primary key (id))
alter table obtencao add constraint FKicvjka9aj6yxit82kfd3u4tke foreign key (feed_id) references feed
alter table obtencao drop constraint FKicvjka9aj6yxit82kfd3u4tke
drop table feed if exists
drop table obtencao if exists
DISCONNECT
/*C20*/SET SCHEMA PUBLIC
DISCONNECT
/*C19*/SET SCHEMA PUBLIC
DISCONNECT
/*C18*/SET SCHEMA PUBLIC
DISCONNECT
/*C17*/SET SCHEMA PUBLIC
DISCONNECT
/*C16*/SET SCHEMA PUBLIC
DISCONNECT
/*C15*/SET SCHEMA PUBLIC
DISCONNECT
/*C14*/SET SCHEMA PUBLIC
DISCONNECT
/*C13*/SET SCHEMA PUBLIC
DISCONNECT
/*C12*/SET SCHEMA PUBLIC
DISCONNECT
/*C31*/SET SCHEMA PUBLIC
drop table feed if exists
drop table obtencao if exists
create table feed (id bigint generated by default as identity (start with 1), data_criacao timestamp, data_modificacao timestamp, url varchar(255), primary key (id))
create table obtencao (id bigint generated by default as identity (start with 1), data_criacao date, html varchar(255), feed_id bigint, primary key (id))
alter table obtencao add constraint FKicvjka9aj6yxit82kfd3u4tke foreign key (feed_id) references feed
alter table obtencao drop constraint FKicvjka9aj6yxit82kfd3u4tke
drop table feed if exists
drop table obtencao if exists
DISCONNECT
/*C30*/SET SCHEMA PUBLIC
DISCONNECT
/*C29*/SET SCHEMA PUBLIC
DISCONNECT
/*C28*/SET SCHEMA PUBLIC
DISCONNECT
/*C27*/SET SCHEMA PUBLIC
DISCONNECT
/*C26*/SET SCHEMA PUBLIC
DISCONNECT
/*C25*/SET SCHEMA PUBLIC
DISCONNECT
/*C24*/SET SCHEMA PUBLIC
DISCONNECT
/*C23*/SET SCHEMA PUBLIC
DISCONNECT
/*C22*/SET SCHEMA PUBLIC
DISCONNECT
/*C41*/SET SCHEMA PUBLIC
drop table feed if exists
drop table obtencao if exists
create table feed (id bigint generated by default as identity (start with 1), data_criacao timestamp, data_modificacao timestamp, url varchar(255), primary key (id))
create table obtencao (id bigint generated by default as identity (start with 1), data_criacao date, html varchar(255), feed_id bigint, primary key (id))
alter table obtencao add constraint FKicvjka9aj6yxit82kfd3u4tke foreign key (feed_id) references feed
INSERT INTO FEED VALUES(1,'2018-02-25 16:05:29.121000',NULL,'http://revistaautoesporte.globo.com/rss/ultimas/feed.xml')
COMMIT
alter table obtencao drop constraint FKicvjka9aj6yxit82kfd3u4tke
drop table feed if exists
drop table obtencao if exists
DISCONNECT
/*C40*/SET SCHEMA PUBLIC
DISCONNECT
/*C39*/SET SCHEMA PUBLIC
DISCONNECT
/*C38*/SET SCHEMA PUBLIC
DISCONNECT
/*C37*/SET SCHEMA PUBLIC
DISCONNECT
/*C36*/SET SCHEMA PUBLIC
DISCONNECT
/*C35*/SET SCHEMA PUBLIC
DISCONNECT
/*C34*/SET SCHEMA PUBLIC
DISCONNECT
/*C33*/SET SCHEMA PUBLIC
DISCONNECT
/*C32*/SET SCHEMA PUBLIC
DISCONNECT
/*C51*/SET SCHEMA PUBLIC
drop table feed if exists
drop table obtencao if exists
create table feed (id bigint generated by default as identity (start with 1), data_criacao timestamp, data_modificacao timestamp, url varchar(255), primary key (id))
create table obtencao (id bigint generated by default as identity (start with 1), data_criacao date, html varchar(255), feed_id bigint, primary key (id))
alter table obtencao add constraint FKicvjka9aj6yxit82kfd3u4tke foreign key (feed_id) references feed
alter table obtencao drop constraint FKicvjka9aj6yxit82kfd3u4tke
drop table feed if exists
drop table obtencao if exists
DISCONNECT
/*C50*/SET SCHEMA PUBLIC
DISCONNECT
/*C49*/SET SCHEMA PUBLIC
DISCONNECT
/*C48*/SET SCHEMA PUBLIC
DISCONNECT
/*C47*/SET SCHEMA PUBLIC
DISCONNECT
/*C46*/SET SCHEMA PUBLIC
DISCONNECT
/*C45*/SET SCHEMA PUBLIC
DISCONNECT
/*C44*/SET SCHEMA PUBLIC
DISCONNECT
/*C43*/SET SCHEMA PUBLIC
DISCONNECT
/*C42*/SET SCHEMA PUBLIC
DISCONNECT
/*C61*/SET SCHEMA PUBLIC
drop table feed if exists
drop table obtencao if exists
create table feed (id bigint generated by default as identity (start with 1), data_criacao timestamp, data_modificacao timestamp, url varchar(255), primary key (id))
create table obtencao (id bigint generated by default as identity (start with 1), data_criacao date, html varchar(255), feed_id bigint, primary key (id))
alter table obtencao add constraint FKicvjka9aj6yxit82kfd3u4tke foreign key (feed_id) references feed
INSERT INTO FEED VALUES(1,'2018-02-25 16:14:01.509000',NULL,'http://revistaautoesporte.globo.com/rss/ultimas/feed.xml')
COMMIT
alter table obtencao drop constraint FKicvjka9aj6yxit82kfd3u4tke
drop table feed if exists
drop table obtencao if exists
DISCONNECT
/*C60*/SET SCHEMA PUBLIC
DISCONNECT
/*C59*/SET SCHEMA PUBLIC
DISCONNECT
/*C58*/SET SCHEMA PUBLIC
DISCONNECT
/*C57*/SET SCHEMA PUBLIC
DISCONNECT
/*C56*/SET SCHEMA PUBLIC
DISCONNECT
/*C55*/SET SCHEMA PUBLIC
DISCONNECT
/*C54*/SET SCHEMA PUBLIC
DISCONNECT
/*C53*/SET SCHEMA PUBLIC
DISCONNECT
/*C52*/SET SCHEMA PUBLIC
DISCONNECT
/*C71*/SET SCHEMA PUBLIC
drop table feed if exists
drop table obtencao if exists
create table feed (id bigint generated by default as identity (start with 1), data_criacao timestamp, data_modificacao timestamp, url varchar(255), primary key (id))
create table obtencao (id bigint generated by default as identity (start with 1), data_criacao date, html varchar(255), feed_id bigint, primary key (id))
alter table obtencao add constraint FKicvjka9aj6yxit82kfd3u4tke foreign key (feed_id) references feed
alter table obtencao drop constraint FKicvjka9aj6yxit82kfd3u4tke
drop table feed if exists
drop table obtencao if exists
DISCONNECT
/*C70*/SET SCHEMA PUBLIC
DISCONNECT
/*C69*/SET SCHEMA PUBLIC
DISCONNECT
/*C68*/SET SCHEMA PUBLIC
DISCONNECT
/*C67*/SET SCHEMA PUBLIC
DISCONNECT
/*C66*/SET SCHEMA PUBLIC
DISCONNECT
/*C65*/SET SCHEMA PUBLIC
DISCONNECT
/*C64*/SET SCHEMA PUBLIC
DISCONNECT
/*C63*/SET SCHEMA PUBLIC
DISCONNECT
/*C62*/SET SCHEMA PUBLIC
DISCONNECT
